[1101/143451.540:INFO:CONSOLE(0)] "Error with Permissions-Policy header: Feature xr-spatial-tracking's parameters are ignored.", source:  (0)
[1101/143451.540:INFO:CONSOLE(0)] "Error with Permissions-Policy header: Origin trial controlled feature not enabled: 'attribution-reporting'.", source:  (0)
[1101/143451.540:INFO:CONSOLE(0)] "Error with Permissions-Policy header: Unrecognized feature: 'compute-pressure'.", source:  (0)
[1101/143451.540:INFO:CONSOLE(0)] "Error with Permissions-Policy header: Origin trial controlled feature not enabled: 'interest-cohort'.", source:  (0)
[1101/143451.540:INFO:CONSOLE(0)] "Error with Permissions-Policy header: Unrecognized feature: 'private-state-token-issuance'.", source:  (0)
[1101/143451.547:INFO:CONSOLE(0)] "Error with Permissions-Policy header: Origin trial controlled feature not enabled: 'shared-storage'.", source:  (0)
[1101/143451.547:INFO:CONSOLE(0)] "Error with Permissions-Policy header: Unrecognized feature: 'shared-storage-select-url'.", source:  (0)
[1101/143451.547:INFO:CONSOLE(0)] "Error with Permissions-Policy header: Unrecognized feature: 'private-state-token-redemption'.", source:  (0)
[1101/143451.547:INFO:CONSOLE(0)] "Error with Permissions-Policy header: Unrecognized feature: 'unload'.", source:  (0)
[1101/143451.547:INFO:CONSOLE(0)] "Error with Permissions-Policy header: Unrecognized feature: 'window-management'.", source:  (0)
[1101/143451.547:INFO:CONSOLE(0)] "Document-Policy HTTP header: Unrecognized document policy feature name include-js-call-stacks-in-crash-reports.", source: https://web.whatsapp.com/ (0)
[1101/143454.647:INFO:CONSOLE(77)] "ErrorUtils caught an error:

service-worker-registration-failure

Subsequent non-fatal errors won't be logged; see https://fburl.com/debugjs. [object Object]", source: https://static.whatsapp.net/rsrc.php/v4/yd/r/ELalQ-mHErc.js (77)
[1101/143521.092:INFO:CONSOLE(25189)] "[Report Only] Refused to compile or instantiate WebAssembly module because 'unsafe-eval' is not an allowed source of script in the following Content Security Policy directive: "script-src blob: 'self' 'nonce-EE4TjbkH' 'report-sample' https://static.whatsapp.net https://*.youtube.com https://maps.googleapis.com https://maps.gstatic.com https://lens.google.com/upload https://whatsapp-api.arkoselabs.com/".
", source: https://static.whatsapp.net/rsrc.php/v4/yi/r/svoM1SoAaFP.js (25189)
[1101/143959.355:INFO:CONSOLE(0)] "Uncaught (in promise) DbEncKeyNotLoadedError: MasterDatabaseEncryptionKey.fts_hmac_keys was accessed before init", source: https://web.whatsapp.com/static_resources/webworker_v1/init_script/?__hs=20393.HYP%3Awhatsapp_comet_pkg.2.1...0&__spin_r=1029267210&__spin_b=trunk&__spin_t=1761989691 (0)
[1101/144000.305:INFO:CONSOLE(0)] "Error with Permissions-Policy header: Feature xr-spatial-tracking's parameters are ignored.", source:  (0)
[1101/144000.305:INFO:CONSOLE(0)] "Error with Permissions-Policy header: Origin trial controlled feature not enabled: 'attribution-reporting'.", source:  (0)
[1101/144000.305:INFO:CONSOLE(0)] "Error with Permissions-Policy header: Unrecognized feature: 'compute-pressure'.", source:  (0)
[1101/144000.305:INFO:CONSOLE(0)] "Error with Permissions-Policy header: Origin trial controlled feature not enabled: 'interest-cohort'.", source:  (0)
[1101/144000.305:INFO:CONSOLE(0)] "Error with Permissions-Policy header: Unrecognized feature: 'private-state-token-issuance'.", source:  (0)
[1101/144000.305:INFO:CONSOLE(0)] "Error with Permissions-Policy header: Origin trial controlled feature not enabled: 'shared-storage'.", source:  (0)
[1101/144000.305:INFO:CONSOLE(0)] "Error with Permissions-Policy header: Unrecognized feature: 'shared-storage-select-url'.", source:  (0)
[1101/144000.305:INFO:CONSOLE(0)] "Error with Permissions-Policy header: Unrecognized feature: 'private-state-token-redemption'.", source:  (0)
[1101/144000.305:INFO:CONSOLE(0)] "Error with Permissions-Policy header: Unrecognized feature: 'unload'.", source:  (0)
[1101/144000.305:INFO:CONSOLE(0)] "Error with Permissions-Policy header: Unrecognized feature: 'window-management'.", source:  (0)
[1101/144000.305:INFO:CONSOLE(0)] "Document-Policy HTTP header: Unrecognized document policy feature name include-js-call-stacks-in-crash-reports.", source: https://web.whatsapp.com/ (0)
[1101/144001.846:ERROR:backend_impl.cc(754)] Unable to create file: -4
[1101/144001.846:ERROR:entry_impl.cc(995)] Failed to save user data
[1101/144002.428:ERROR:entry_impl.cc(1072)] No file for 80000014
[1101/144002.452:INFO:CONSOLE(77)] "ErrorUtils caught an error:

Uncaught NetworkError: Failed to execute 'importScripts' on 'WorkerGlobalScope': The script at 'https://static.whatsapp.net/rsrc.php/v4/y-/r/ctqCkj1HOI0.js' failed to load.

Subsequent non-fatal errors won't be logged; see https://fburl.com/debugjs. [object Object]", source: https://static.whatsapp.net/rsrc.php/v4/yd/r/ELalQ-mHErc.js (77)
[1101/144002.456:INFO:CONSOLE(1)] "Uncaught NetworkError: Failed to execute 'importScripts' on 'WorkerGlobalScope': The script at 'https://static.whatsapp.net/rsrc.php/v4/y-/r/ctqCkj1HOI0.js' failed to load.", source: https://web.whatsapp.com/static_resources/webworker_v1/init_script/?__hs=20393.HYP%3Awhatsapp_comet_pkg.2.1...0&__spin_r=1029268283&__spin_b=trunk&__spin_t=1761990000 (1)
[1101/144002.762:ERROR:backend_impl.cc(754)] Unable to create file: -4
[1101/144002.762:ERROR:entry_impl.cc(995)] Failed to save user data
[1101/144003.838:INFO:CONSOLE(113)] "Event handler of 'x-storagemutated-1' event must be added on the initial evaluation of worker script.", source: https://static.whatsapp.net/rsrc.php/v4/yN/r/PLMCwyGAJ0Q.js (113)
